  Main.cpp
d:\programming\github\krewetka\opengl\krewetka\main.cpp(156): warning C4305: 'argument' : truncation from 'double' to 'GLfloat'
d:\programming\github\krewetka\opengl\krewetka\main.cpp(159): warning C4305: 'argument' : truncation from 'double' to 'GLfloat'
d:\programming\github\krewetka\opengl\krewetka\main.cpp(160): warning C4305: 'argument' : truncation from 'double' to 'GLfloat'
d:\programming\github\krewetka\opengl\krewetka\main.cpp(161): warning C4305: 'argument' : truncation from 'double' to 'GLfloat'
d:\programming\github\krewetka\opengl\krewetka\main.cpp(163): warning C4305: 'argument' : truncation from 'double' to 'GLfloat'
d:\programming\github\krewetka\opengl\krewetka\main.cpp(164): warning C4305: 'argument' : truncation from 'double' to 'GLfloat'
d:\programming\github\krewetka\opengl\krewetka\main.cpp(165): warning C4305: 'argument' : truncation from 'double' to 'GLfloat'
d:\programming\github\krewetka\opengl\krewetka\main.cpp(170): warning C4305: 'argument' : truncation from 'double' to 'GLfloat'
d:\programming\github\krewetka\opengl\krewetka\main.cpp(185): warning C4305: 'argument' : truncation from 'double' to 'GLfloat'
d:\programming\github\krewetka\opengl\krewetka\main.cpp(188): warning C4305: 'argument' : truncation from 'double' to 'GLfloat'
d:\programming\github\krewetka\opengl\krewetka\main.cpp(190): warning C4305: 'argument' : truncation from 'double' to 'GLfloat'
d:\programming\github\krewetka\opengl\krewetka\main.cpp(196): warning C4305: 'argument' : truncation from 'double' to 'GLfloat'
d:\programming\github\krewetka\opengl\krewetka\main.cpp(198): warning C4305: 'argument' : truncation from 'double' to 'GLfloat'
d:\programming\github\krewetka\opengl\krewetka\main.cpp(216): warning C4244: '+=' : conversion from 'double' to 'float', possible loss of data
d:\programming\github\krewetka\opengl\krewetka\main.cpp(217): warning C4244: '+=' : conversion from 'double' to 'float', possible loss of data
d:\programming\github\krewetka\opengl\krewetka\main.cpp(235): warning C4305: 'argument' : truncation from 'double' to 'GLclampf'
d:\programming\github\krewetka\opengl\krewetka\main.cpp(268): warning C4244: 'argument' : conversion from 'double' to 'GLfloat', possible loss of data
d:\programming\github\krewetka\opengl\krewetka\main.cpp(316): warning C4244: '=' : conversion from 'double' to 'float', possible loss of data
  Krewetka.vcxproj -> D:\Programming\GitHub\Krewetka\OpenGL\Debug\Krewetka.exe
